<?xml version="1.0" encoding="UTF-8"?>
<testsuite xmlns:xsi="http://www.w3.org/2001/XMLSchema-instance" xsi:noNamespaceSchemaLocation="https://maven.apache.org/surefire/maven-surefire-plugin/xsd/surefire-test-report-3.0.xsd" version="3.0" name="domain.EngineTest" time="0.277" tests="17" errors="0" skipped="0" failures="0">
  <properties>
    <property name="java.specification.version" value="19"/>
    <property name="sun.cpu.isalist" value="amd64"/>
    <property name="sun.jnu.encoding" value="Cp1256"/>
    <property name="java.class.path" value="C:\Users\Fateme\Desktop\software-testing\ca3\Graph-Coverage-Testing-of-Purchase-Management-App-main\target\test-classes;C:\Users\Fateme\Desktop\software-testing\ca3\Graph-Coverage-Testing-of-Purchase-Management-App-main\target\classes;C:\Users\Fateme\.m2\repository\org\projectlombok\lombok\1.18.26\lombok-1.18.26.jar;C:\Users\Fateme\.m2\repository\junit\junit\4.13.2\junit-4.13.2.jar;C:\Users\Fateme\.m2\repository\org\hamcrest\hamcrest-core\1.3\hamcrest-core-1.3.jar;"/>
    <property name="java.vm.vendor" value="Oracle Corporation"/>
    <property name="sun.arch.data.model" value="64"/>
    <property name="user.variant" value=""/>
    <property name="java.vendor.url" value="https://java.oracle.com/"/>
    <property name="user.timezone" value="Asia/Tehran"/>
    <property name="os.name" value="Windows 10"/>
    <property name="java.vm.specification.version" value="19"/>
    <property name="sun.java.launcher" value="SUN_STANDARD"/>
    <property name="user.country" value="US"/>
    <property name="sun.boot.library.path" value="C:\Program Files\Java\jdk-19\bin"/>
    <property name="sun.java.command" value="C:\Users\Fateme\AppData\Local\Temp\surefire5681293649626196505\surefirebooter-20231112201132947_3.jar C:\Users\Fateme\AppData\Local\Temp\surefire5681293649626196505 2023-11-12T20-11-32_650-jvmRun1 surefire-20231112201132947_1tmp surefire_0-20231112201132947_2tmp"/>
    <property name="jdk.debug" value="release"/>
    <property name="surefire.test.class.path" value="C:\Users\Fateme\Desktop\software-testing\ca3\Graph-Coverage-Testing-of-Purchase-Management-App-main\target\test-classes;C:\Users\Fateme\Desktop\software-testing\ca3\Graph-Coverage-Testing-of-Purchase-Management-App-main\target\classes;C:\Users\Fateme\.m2\repository\org\projectlombok\lombok\1.18.26\lombok-1.18.26.jar;C:\Users\Fateme\.m2\repository\junit\junit\4.13.2\junit-4.13.2.jar;C:\Users\Fateme\.m2\repository\org\hamcrest\hamcrest-core\1.3\hamcrest-core-1.3.jar;"/>
    <property name="sun.cpu.endian" value="little"/>
    <property name="user.home" value="C:\Users\Fateme"/>
    <property name="user.language" value="en"/>
    <property name="java.specification.vendor" value="Oracle Corporation"/>
    <property name="java.version.date" value="2023-01-17"/>
    <property name="java.home" value="C:\Program Files\Java\jdk-19"/>
    <property name="file.separator" value="\"/>
    <property name="basedir" value="C:\Users\Fateme\Desktop\software-testing\ca3\Graph-Coverage-Testing-of-Purchase-Management-App-main"/>
    <property name="java.vm.compressedOopsMode" value="Zero based"/>
    <property name="line.separator" value="&#10;"/>
    <property name="java.vm.specification.vendor" value="Oracle Corporation"/>
    <property name="java.specification.name" value="Java Platform API Specification"/>
    <property name="surefire.real.class.path" value="C:\Users\Fateme\AppData\Local\Temp\surefire5681293649626196505\surefirebooter-20231112201132947_3.jar"/>
    <property name="user.script" value=""/>
    <property name="sun.management.compiler" value="HotSpot 64-Bit Tiered Compilers"/>
    <property name="java.runtime.version" value="19.0.2+7-44"/>
    <property name="user.name" value="Fateme"/>
    <property name="stdout.encoding" value="Cp1256"/>
    <property name="path.separator" value=";"/>
    <property name="os.version" value="10.0"/>
    <property name="java.runtime.name" value="Java(TM) SE Runtime Environment"/>
    <property name="file.encoding" value="UTF-8"/>
    <property name="java.vm.name" value="Java HotSpot(TM) 64-Bit Server VM"/>
    <property name="localRepository" value="C:\Users\Fateme\.m2\repository"/>
    <property name="java.vendor.url.bug" value="https://bugreport.java.com/bugreport/"/>
    <property name="java.io.tmpdir" value="C:\Users\Fateme\AppData\Local\Temp\"/>
    <property name="java.version" value="19.0.2"/>
    <property name="user.dir" value="C:\Users\Fateme\Desktop\software-testing\ca3\Graph-Coverage-Testing-of-Purchase-Management-App-main"/>
    <property name="os.arch" value="amd64"/>
    <property name="java.vm.specification.name" value="Java Virtual Machine Specification"/>
    <property name="sun.os.patch.level" value=""/>
    <property name="native.encoding" value="Cp1256"/>
    <property name="java.library.path" value="C:\Program Files\Java\jdk-19\bin;C:\Windows\Sun\Java\bin;C:\Windows\system32;C:\Windows;C:\Program Files\Common Files\Oracle\Java\javapath;C:\Program Files (x86)\Common Files\Oracle\Java\javapath;C:\Windows\system32;C:\Windows;C:\Windows\System32\Wbem;C:\Windows\System32\WindowsPowerShell\v1.0\;C:\Windows\System32\OpenSSH\;C:\Program Files\Git\cmd;C:\Program Files\Microsoft SQL Server\150\Tools\Binn\;C:\Users\Fateme\AppData\Local\Android\android-sdk\tools\bin;C:\Program Files\dotnet\;C:\Program Files\Java\jdk-19\\bin;C:\Program Files\MySQL\MySQL Shell 8.1\bin\;C:\Users\Fateme\AppData\Local\Programs\Python\Python311\Scripts\;C:\Users\Fateme\AppData\Local\Programs\Python\Python311\;C:\Windows\system32;C:\Windows;C:\Windows\System32\Wbem;C:\Windows\System32\WindowsPowerShell\v1.0\;C:\Windows\System32\OpenSSH\;C:\Users\Fateme\AppData\Local\Microsoft\WindowsApps;C:\Users\Fateme\AppData\Local\Programs\Microsoft VS Code\bin;C:\Python34\Scripts;C:\Users\Fateme\AppData\Local\Programs\Python\Python311\Scripts;C:\altera\13.0sp1\modelsim_ase\win32aloem;C:\Program Files\Oracle\VirtualBox;F:\vbox\ubuntu2004;F:\vbox;C:\srcc\flutter\bin;C:\Program Files\Java\jdk-19\bin;C:\Users\Fateme\Desktop\software-testing\apache-maven-3.9.5\bin;;C:\Program Files\JetBrains\IntelliJ IDEA 2023.2.3\bin;;C:\Program Files\JetBrains\IntelliJ IDEA Community Edition 2023.2.3\bin;;."/>
    <property name="java.vm.info" value="mixed mode, sharing"/>
    <property name="stderr.encoding" value="Cp1256"/>
    <property name="java.vendor" value="Oracle Corporation"/>
    <property name="java.vm.version" value="19.0.2+7-44"/>
    <property name="sun.io.unicode.encoding" value="UnicodeLittle"/>
    <property name="java.class.version" value="63.0"/>
  </properties>
  <testcase name="getQuantityPatternByPriceReturns0With3MockOrdersAndPrice9ForOrdersAndInput" classname="domain.EngineTest" time="0.021"/>
  <testcase name="getAverageOrderQuantityByCustomerReturns0WithNoOrderHistory" classname="domain.EngineTest" time="0.0"/>
  <testcase name="addOrderAndGetFraudulentQuantityReturns0WhenEmptyOrderHistoryDoesNotContainTheInputMockOrder" classname="domain.EngineTest" time="0.0"/>
  <testcase name="getAverageOrderQuantityByCustomerReturns0With2MockOrdersForCustomer1AndInputCustomer2" classname="domain.EngineTest" time="0.0"/>
  <testcase name="addOrderAndGetFraudulentQuantityReturns5" classname="domain.EngineTest" time="0.0"/>
  <testcase name="getQuantityPatternByPriceReturnsDiffAmountWith3MockOrdersAndSameDiffBetweenOrdersAndInput" classname="domain.EngineTest" time="0.0"/>
  <testcase name="addOrderAndGetFraudulentQuantityReturns0WhenOrderIsAlreadyInHistoryList" classname="domain.EngineTest" time="0.002"/>
  <testcase name="getAverageOrderQuantityByCustomerReturnsAvgWithNotSeenCustomer" classname="domain.EngineTest" time="0.002"/>
  <testcase name="getCustomerFraudulentQuantityReturns5With2MockOrdersWithAverageOf12AndInputOrderQuantityOf17" classname="domain.EngineTest" time="0.001"/>
  <testcase name="getQuantityPatternByPriceReturns0With2MockOrdersWithDifferentPricesWithInput" classname="domain.EngineTest" time="0.001"/>
  <testcase name="getCustomerFraudulentQuantityReturns0With2MockOrdersWithAverageOf12AndInputOrderQuantityOf7" classname="domain.EngineTest" time="0.001"/>
  <testcase name="getQuantityPatternByPriceReturns0With0OrderHistoryAndPrice9" classname="domain.EngineTest" time="0.002"/>
  <testcase name="EngineConstructorAssignsOrderHistoryANewArrayList" classname="domain.EngineTest" time="0.001"/>
  <testcase name="getAverageOrderQuantityByCustomerReturns12With1MockOrderAndSameCustomerForTheOrderAndInput" classname="domain.EngineTest" time="0.001"/>
  <testcase name="getAverageOrderQuantityByCustomerReturns12With2MockOrdersForCustomer1AndInputCustomer1" classname="domain.EngineTest" time="0.002"/>
  <testcase name="getQuantityPatternByPriceReturns12With2MockOrdersAndPrice9ForOrdersAndInput" classname="domain.EngineTest" time="0.001"/>
  <testcase name="getAverageOrderQuantityByCustomerReturnsAvgWithSomeOrderHistory" classname="domain.EngineTest" time="0.002"/>
</testsuite>